2024-12-01 11:58:19,412 - ingestion - INFO - Bucket 'mybucket' created.
2024-12-01 11:58:22,210 - ingestion - INFO - Bucket 'mybucket' already exists.
2024-12-01 11:58:24,108 - ingestion - INFO - Bucket 'mybucket' already exists.
2024-12-01 11:58:25,646 - ingestion - INFO - Bucket 'mybucket' already exists.
2024-12-01 11:58:27,569 - ingestion - INFO - Bucket 'mybucket' already exists.
2024-12-01 11:58:30,287 - ingestion - INFO - Bucket 'mybucket' already exists.
2024-12-01 11:58:34,723 - ingestion - INFO - Bucket 'mybucket' already exists.
2024-12-01 11:59:01,097 - ingestion - INFO - Bucket 'mybucket' already exists.
2024-12-01 11:59:01,103 - ingestion - INFO - Connected to Kafka successfully.
2024-12-01 11:59:06,036 - ingestion - INFO - Stored 'content/alice-in-wonderland.txt' in MinIO.
2024-12-01 11:59:06,054 - ingestion - INFO - Sent data to Kafka topic 'test-topic' with offset 0.
2024-12-01 11:59:10,740 - ingestion - INFO - Stored 'content/romeo-and-juliet.txt' in MinIO.
2024-12-01 11:59:10,743 - ingestion - INFO - Sent data to Kafka topic 'test-topic' with offset 1.
2024-12-01 11:59:13,218 - ingestion - INFO - Stored 'content/the-great-gatsby.txt' in MinIO.
2024-12-01 11:59:13,222 - ingestion - INFO - Sent data to Kafka topic 'test-topic' with offset 2.
2024-12-01 11:59:19,685 - ingestion - INFO - Stored 'content/the-great-gatsby.txt' in MinIO.
2024-12-01 11:59:19,686 - ingestion - INFO - Sent data to Kafka topic 'test-topic' with offset 3.
2024-12-01 11:59:20,897 - ingestion - INFO - Stored 'content/the-great-gatsby.txt' in MinIO.
2024-12-01 11:59:20,899 - ingestion - INFO - Sent data to Kafka topic 'test-topic' with offset 4.
2024-12-01 11:59:25,202 - ingestion - INFO - Stored 'content/romeo-and-juliet.txt' in MinIO.
2024-12-01 11:59:25,204 - ingestion - INFO - Sent data to Kafka topic 'test-topic' with offset 5.
2024-12-01 11:59:28,022 - ingestion - INFO - Stored 'content/alice-in-wonderland.txt' in MinIO.
2024-12-01 11:59:28,023 - ingestion - INFO - Sent data to Kafka topic 'test-topic' with offset 6.
2024-12-01 11:59:30,392 - ingestion - INFO - Stored 'content/the-great-gatsby.txt' in MinIO.
2024-12-01 11:59:30,393 - ingestion - INFO - Sent data to Kafka topic 'test-topic' with offset 7.
2024-12-01 11:59:34,214 - ingestion - INFO - Stored 'content/the-great-gatsby.txt' in MinIO.
2024-12-01 11:59:34,216 - ingestion - INFO - Sent data to Kafka topic 'test-topic' with offset 8.
2024-12-01 11:59:35,539 - ingestion - INFO - Stored 'content/alice-in-wonderland.txt' in MinIO.
2024-12-01 11:59:35,541 - ingestion - INFO - Sent data to Kafka topic 'test-topic' with offset 9.
2024-12-01 12:00:04,394 - ingestion - INFO - Bucket 'mybucket' already exists.
2024-12-01 12:00:04,400 - ingestion - INFO - Connected to Kafka successfully.
2024-12-01 12:00:04,482 - ingestion - INFO - Stored 'content/alice-in-wonderland.txt' in MinIO.
2024-12-01 12:00:07,542 - ingestion - INFO - Sent data to Kafka topic 'test-topic' with offset 10.
2024-12-01 12:00:12,112 - ingestion - INFO - Stored 'content/alice-in-wonderland.txt' in MinIO.
2024-12-01 12:00:12,115 - ingestion - INFO - Sent data to Kafka topic 'test-topic' with offset 11.
2024-12-01 12:00:13,709 - ingestion - INFO - Stored 'content/romeo-and-juliet.txt' in MinIO.
2024-12-01 12:00:13,713 - ingestion - INFO - Sent data to Kafka topic 'test-topic' with offset 12.
2024-12-01 12:00:18,658 - ingestion - INFO - Stored 'content/romeo-and-juliet.txt' in MinIO.
2024-12-01 12:00:18,660 - ingestion - INFO - Sent data to Kafka topic 'test-topic' with offset 13.
2024-12-01 12:00:23,973 - ingestion - INFO - Stored 'content/alice-in-wonderland.txt' in MinIO.
2024-12-01 12:00:23,976 - ingestion - INFO - Sent data to Kafka topic 'test-topic' with offset 14.
2024-12-01 12:00:27,552 - ingestion - INFO - Stored 'content/the-great-gatsby.txt' in MinIO.
2024-12-01 12:00:27,556 - ingestion - INFO - Sent data to Kafka topic 'test-topic' with offset 15.
2024-12-01 12:00:30,169 - ingestion - INFO - Stored 'content/the-great-gatsby.txt' in MinIO.
2024-12-01 12:00:30,172 - ingestion - INFO - Sent data to Kafka topic 'test-topic' with offset 16.
2024-12-01 12:00:32,230 - ingestion - INFO - Stored 'content/alice-in-wonderland.txt' in MinIO.
2024-12-01 12:00:32,234 - ingestion - INFO - Sent data to Kafka topic 'test-topic' with offset 17.
2024-12-01 12:00:35,518 - ingestion - INFO - Stored 'content/alice-in-wonderland.txt' in MinIO.
2024-12-01 12:00:35,520 - ingestion - INFO - Sent data to Kafka topic 'test-topic' with offset 18.
2024-12-01 12:00:39,174 - ingestion - INFO - Stored 'content/the-great-gatsby.txt' in MinIO.
2024-12-01 12:00:39,178 - ingestion - INFO - Sent data to Kafka topic 'test-topic' with offset 19.
2024-12-01 12:00:43,202 - ingestion - INFO - Stored 'content/romeo-and-juliet.txt' in MinIO.
2024-12-01 12:00:43,204 - ingestion - INFO - Sent data to Kafka topic 'test-topic' with offset 20.
2024-12-01 12:00:47,337 - ingestion - INFO - Stored 'content/the-great-gatsby.txt' in MinIO.
2024-12-01 12:00:47,340 - ingestion - INFO - Sent data to Kafka topic 'test-topic' with offset 21.
2024-12-01 12:00:49,365 - ingestion - INFO - Stored 'content/romeo-and-juliet.txt' in MinIO.
2024-12-01 12:00:49,368 - ingestion - INFO - Sent data to Kafka topic 'test-topic' with offset 22.
2024-12-01 12:00:51,542 - ingestion - INFO - Stored 'content/alice-in-wonderland.txt' in MinIO.
2024-12-01 12:00:51,545 - ingestion - INFO - Sent data to Kafka topic 'test-topic' with offset 23.
2024-12-01 12:00:58,182 - ingestion - INFO - Stored 'content/the-great-gatsby.txt' in MinIO.
2024-12-01 12:00:58,186 - ingestion - INFO - Sent data to Kafka topic 'test-topic' with offset 24.
2024-12-01 12:01:00,731 - ingestion - INFO - Stored 'content/romeo-and-juliet.txt' in MinIO.
2024-12-01 12:01:00,734 - ingestion - INFO - Sent data to Kafka topic 'test-topic' with offset 25.
2024-12-01 12:01:03,253 - ingestion - INFO - Stored 'content/romeo-and-juliet.txt' in MinIO.
2024-12-01 12:01:03,255 - ingestion - INFO - Sent data to Kafka topic 'test-topic' with offset 26.
2024-12-01 14:22:26,591 - ingestion - INFO - Bucket 'mybucket' created.
2024-12-01 14:22:26,598 - ingestion - INFO - Connected to Kafka successfully.
2024-12-01 14:26:31,199 - ingestion - INFO - Bucket 'mybucket' created.
2024-12-01 14:26:31,206 - ingestion - INFO - Connected to Kafka successfully.
2024-12-01 14:32:49,100 - ingestion - INFO - Bucket 'mybucket' already exists.
2024-12-01 14:32:49,110 - ingestion - INFO - Connected to Kafka successfully.
2024-12-01 14:34:19,261 - ingestion - INFO - Bucket 'mybucket' already exists.
2024-12-01 14:34:19,268 - ingestion - INFO - Connected to Kafka successfully.
2024-12-01 14:37:48,903 - ingestion - INFO - Bucket 'mybucket' already exists.
2024-12-01 14:37:48,913 - ingestion - INFO - Connected to Kafka successfully.
2024-12-01 14:40:48,332 - ingestion - INFO - Bucket 'mybucket' already exists.
2024-12-01 14:40:48,342 - ingestion - INFO - Connected to Kafka successfully.
2024-12-01 14:43:09,256 - ingestion - INFO - Bucket 'mybucket' already exists.
2024-12-01 14:43:09,262 - ingestion - INFO - Connected to Kafka successfully.
2024-12-01 14:49:32,758 - ingestion - INFO - Bucket 'mybucket' already exists.
2024-12-01 14:49:32,766 - ingestion - INFO - Connected to Kafka successfully.
2024-12-01 14:50:46,139 - ingestion - INFO - Bucket 'mybucket' already exists.
2024-12-01 14:50:46,149 - ingestion - INFO - Connected to Kafka successfully.
2024-12-01 15:06:26,348 - ingestion - INFO - Bucket 'mybucket' already exists.
2024-12-01 15:06:26,355 - ingestion - INFO - Connected to Kafka successfully.
2024-12-01 15:06:27,052 - ingestion - INFO - Stored 'content/test_file.txt' in MinIO.
2024-12-01 15:06:29,149 - ingestion - INFO - Sent data to Kafka topic 'test-topic' with offset 0.
2024-12-01 15:06:29,158 - ingestion - INFO - Stored 'content/test_file.txt' in MinIO.
2024-12-01 15:06:29,162 - ingestion - INFO - Sent data to Kafka topic 'test-topic' with offset 1.
2024-12-01 15:06:29,170 - ingestion - INFO - Stored 'content/test_file.txt' in MinIO.
2024-12-01 15:06:29,174 - ingestion - INFO - Sent data to Kafka topic 'test-topic' with offset 2.
2024-12-01 15:06:29,181 - ingestion - INFO - Stored 'content/test_file.txt' in MinIO.
2024-12-01 15:06:29,186 - ingestion - INFO - Sent data to Kafka topic 'test-topic' with offset 3.
2024-12-01 15:06:29,193 - ingestion - INFO - Stored 'content/test_file.txt' in MinIO.
2024-12-01 15:06:29,198 - ingestion - INFO - Sent data to Kafka topic 'test-topic' with offset 4.
2024-12-01 15:06:29,205 - ingestion - INFO - Stored 'content/test_file.txt' in MinIO.
2024-12-01 15:06:29,209 - ingestion - INFO - Sent data to Kafka topic 'test-topic' with offset 5.
2024-12-01 15:06:29,216 - ingestion - INFO - Stored 'content/test_file.txt' in MinIO.
2024-12-01 15:06:29,220 - ingestion - INFO - Sent data to Kafka topic 'test-topic' with offset 6.
2024-12-01 15:06:29,695 - ingestion - INFO - Stored 'content/test_file.txt' in MinIO.
2024-12-01 15:06:29,698 - ingestion - INFO - Sent data to Kafka topic 'test-topic' with offset 7.
2024-12-01 15:06:30,052 - ingestion - INFO - Stored 'content/test_file.txt' in MinIO.
2024-12-01 15:06:30,056 - ingestion - INFO - Sent data to Kafka topic 'test-topic' with offset 8.
2024-12-01 15:06:30,064 - ingestion - INFO - Stored 'content/test_file.txt' in MinIO.
2024-12-01 15:06:30,067 - ingestion - INFO - Sent data to Kafka topic 'test-topic' with offset 9.
2024-12-01 15:06:30,168 - ingestion - INFO - Stored 'content/test_file.txt' in MinIO.
2024-12-01 15:06:30,171 - ingestion - INFO - Sent data to Kafka topic 'test-topic' with offset 10.
2024-12-01 15:06:31,006 - ingestion - INFO - Stored 'content/test_file.txt' in MinIO.
2024-12-01 15:06:31,009 - ingestion - INFO - Sent data to Kafka topic 'test-topic' with offset 11.
2024-12-01 15:06:31,354 - ingestion - INFO - Stored 'content/test_file.txt' in MinIO.
2024-12-01 15:06:31,356 - ingestion - INFO - Sent data to Kafka topic 'test-topic' with offset 12.
2024-12-01 15:06:31,940 - ingestion - INFO - Stored 'content/test_file.txt' in MinIO.
2024-12-01 15:06:31,943 - ingestion - INFO - Sent data to Kafka topic 'test-topic' with offset 13.
2024-12-01 15:06:32,260 - ingestion - INFO - Stored 'content/test_file.txt' in MinIO.
2024-12-01 15:06:32,262 - ingestion - INFO - Sent data to Kafka topic 'test-topic' with offset 14.
2024-12-01 15:06:32,319 - ingestion - INFO - Stored 'content/test_file.txt' in MinIO.
2024-12-01 15:06:32,321 - ingestion - INFO - Sent data to Kafka topic 'test-topic' with offset 15.
2024-12-01 15:06:32,517 - ingestion - INFO - Stored 'content/test_file.txt' in MinIO.
2024-12-01 15:06:32,519 - ingestion - INFO - Sent data to Kafka topic 'test-topic' with offset 16.
2024-12-01 15:06:33,245 - ingestion - INFO - Stored 'content/test_file.txt' in MinIO.
2024-12-01 15:06:33,247 - ingestion - INFO - Sent data to Kafka topic 'test-topic' with offset 17.
2024-12-01 15:06:33,324 - ingestion - INFO - Stored 'content/test_file.txt' in MinIO.
2024-12-01 15:06:33,327 - ingestion - INFO - Sent data to Kafka topic 'test-topic' with offset 18.
2024-12-01 15:06:33,799 - ingestion - INFO - Stored 'content/test_file.txt' in MinIO.
2024-12-01 15:06:33,801 - ingestion - INFO - Sent data to Kafka topic 'test-topic' with offset 19.
2024-12-01 15:06:33,971 - ingestion - INFO - Stored 'content/test_file.txt' in MinIO.
2024-12-01 15:06:33,973 - ingestion - INFO - Sent data to Kafka topic 'test-topic' with offset 20.
2024-12-01 15:06:34,089 - ingestion - INFO - Stored 'content/test_file.txt' in MinIO.
2024-12-01 15:06:34,092 - ingestion - INFO - Sent data to Kafka topic 'test-topic' with offset 21.
2024-12-01 15:06:35,052 - ingestion - INFO - Stored 'content/test_file.txt' in MinIO.
2024-12-01 15:06:35,054 - ingestion - INFO - Sent data to Kafka topic 'test-topic' with offset 22.
2024-12-01 15:06:35,230 - ingestion - INFO - Stored 'content/test_file.txt' in MinIO.
2024-12-01 15:06:35,234 - ingestion - INFO - Sent data to Kafka topic 'test-topic' with offset 23.
2024-12-01 15:06:35,356 - ingestion - INFO - Stored 'content/test_file.txt' in MinIO.
2024-12-01 15:06:35,359 - ingestion - INFO - Sent data to Kafka topic 'test-topic' with offset 24.
2024-12-01 15:06:35,395 - ingestion - INFO - Stored 'content/test_file.txt' in MinIO.
2024-12-01 15:06:35,399 - ingestion - INFO - Sent data to Kafka topic 'test-topic' with offset 25.
2024-12-01 15:06:35,804 - ingestion - INFO - Stored 'content/test_file.txt' in MinIO.
2024-12-01 15:06:35,806 - ingestion - INFO - Sent data to Kafka topic 'test-topic' with offset 26.
2024-12-01 15:06:35,815 - ingestion - INFO - Stored 'content/test_file.txt' in MinIO.
2024-12-01 15:06:35,819 - ingestion - INFO - Sent data to Kafka topic 'test-topic' with offset 27.
2024-12-01 15:06:36,520 - ingestion - INFO - Stored 'content/test_file.txt' in MinIO.
2024-12-01 15:06:36,523 - ingestion - INFO - Sent data to Kafka topic 'test-topic' with offset 28.
2024-12-01 15:06:36,622 - ingestion - INFO - Stored 'content/test_file.txt' in MinIO.
2024-12-01 15:06:36,625 - ingestion - INFO - Sent data to Kafka topic 'test-topic' with offset 29.
2024-12-01 15:06:36,706 - ingestion - INFO - Stored 'content/test_file.txt' in MinIO.
2024-12-01 15:06:36,709 - ingestion - INFO - Sent data to Kafka topic 'test-topic' with offset 30.
2024-12-01 15:06:36,913 - ingestion - INFO - Stored 'content/test_file.txt' in MinIO.
2024-12-01 15:06:36,916 - ingestion - INFO - Sent data to Kafka topic 'test-topic' with offset 31.
2024-12-01 15:06:37,075 - ingestion - INFO - Stored 'content/test_file.txt' in MinIO.
2024-12-01 15:06:37,078 - ingestion - INFO - Sent data to Kafka topic 'test-topic' with offset 32.
2024-12-01 15:06:37,124 - ingestion - INFO - Stored 'content/test_file.txt' in MinIO.
2024-12-01 15:06:37,127 - ingestion - INFO - Sent data to Kafka topic 'test-topic' with offset 33.
2024-12-01 15:06:37,150 - ingestion - INFO - Stored 'content/test_file.txt' in MinIO.
2024-12-01 15:06:37,153 - ingestion - INFO - Sent data to Kafka topic 'test-topic' with offset 34.
2024-12-01 15:06:38,041 - ingestion - INFO - Stored 'content/test_file.txt' in MinIO.
2024-12-01 15:06:38,043 - ingestion - INFO - Sent data to Kafka topic 'test-topic' with offset 35.
2024-12-01 15:06:38,294 - ingestion - INFO - Stored 'content/test_file.txt' in MinIO.
2024-12-01 15:06:38,296 - ingestion - INFO - Sent data to Kafka topic 'test-topic' with offset 36.
2024-12-01 15:06:38,346 - ingestion - INFO - Stored 'content/test_file.txt' in MinIO.
2024-12-01 15:06:38,349 - ingestion - INFO - Sent data to Kafka topic 'test-topic' with offset 37.
2024-12-01 15:06:39,003 - ingestion - INFO - Stored 'content/test_file.txt' in MinIO.
2024-12-01 15:06:39,005 - ingestion - INFO - Sent data to Kafka topic 'test-topic' with offset 38.
2024-12-01 15:06:39,302 - ingestion - INFO - Stored 'content/test_file.txt' in MinIO.
2024-12-01 15:06:39,305 - ingestion - INFO - Sent data to Kafka topic 'test-topic' with offset 39.
2024-12-01 15:06:39,706 - ingestion - INFO - Stored 'content/test_file.txt' in MinIO.
2024-12-01 15:06:39,709 - ingestion - INFO - Sent data to Kafka topic 'test-topic' with offset 40.
2024-12-01 15:06:39,948 - ingestion - INFO - Stored 'content/test_file.txt' in MinIO.
2024-12-01 15:06:39,951 - ingestion - INFO - Sent data to Kafka topic 'test-topic' with offset 41.
2024-12-01 15:06:40,162 - ingestion - INFO - Stored 'content/test_file.txt' in MinIO.
2024-12-01 15:06:40,164 - ingestion - INFO - Sent data to Kafka topic 'test-topic' with offset 42.
2024-12-01 15:06:40,174 - ingestion - INFO - Stored 'content/test_file.txt' in MinIO.
2024-12-01 15:06:40,177 - ingestion - INFO - Sent data to Kafka topic 'test-topic' with offset 43.
2024-12-01 15:06:40,283 - ingestion - INFO - Stored 'content/test_file.txt' in MinIO.
2024-12-01 15:06:40,285 - ingestion - INFO - Sent data to Kafka topic 'test-topic' with offset 44.
2024-12-01 15:06:40,601 - ingestion - INFO - Stored 'content/test_file.txt' in MinIO.
2024-12-01 15:06:40,603 - ingestion - INFO - Sent data to Kafka topic 'test-topic' with offset 45.
2024-12-01 15:06:41,416 - ingestion - INFO - Stored 'content/test_file.txt' in MinIO.
2024-12-01 15:06:41,419 - ingestion - INFO - Sent data to Kafka topic 'test-topic' with offset 46.
2024-12-01 15:06:41,446 - ingestion - INFO - Stored 'content/test_file.txt' in MinIO.
2024-12-01 15:06:41,448 - ingestion - INFO - Sent data to Kafka topic 'test-topic' with offset 47.
2024-12-01 15:06:41,507 - ingestion - INFO - Stored 'content/test_file.txt' in MinIO.
2024-12-01 15:06:41,510 - ingestion - INFO - Sent data to Kafka topic 'test-topic' with offset 48.
2024-12-01 15:06:41,564 - ingestion - INFO - Stored 'content/test_file.txt' in MinIO.
2024-12-01 15:06:41,568 - ingestion - INFO - Sent data to Kafka topic 'test-topic' with offset 49.
2024-12-01 15:06:41,638 - ingestion - INFO - Stored 'content/test_file.txt' in MinIO.
2024-12-01 15:06:41,641 - ingestion - INFO - Sent data to Kafka topic 'test-topic' with offset 50.
2024-12-01 15:06:42,426 - ingestion - INFO - Stored 'content/test_file.txt' in MinIO.
2024-12-01 15:06:42,430 - ingestion - INFO - Sent data to Kafka topic 'test-topic' with offset 51.
2024-12-01 15:06:42,502 - ingestion - INFO - Stored 'content/test_file.txt' in MinIO.
2024-12-01 15:06:42,506 - ingestion - INFO - Sent data to Kafka topic 'test-topic' with offset 52.
2024-12-01 15:06:43,333 - ingestion - INFO - Stored 'content/test_file.txt' in MinIO.
2024-12-01 15:06:43,336 - ingestion - INFO - Sent data to Kafka topic 'test-topic' with offset 53.
2024-12-01 15:06:44,969 - ingestion - INFO - Stored 'content/test_file.txt' in MinIO.
2024-12-01 15:06:44,971 - ingestion - INFO - Sent data to Kafka topic 'test-topic' with offset 54.
2024-12-01 15:06:45,606 - ingestion - INFO - Stored 'content/test_file.txt' in MinIO.
2024-12-01 15:06:45,609 - ingestion - INFO - Sent data to Kafka topic 'test-topic' with offset 55.
2024-12-01 15:06:45,798 - ingestion - INFO - Stored 'content/test_file.txt' in MinIO.
2024-12-01 15:06:45,801 - ingestion - INFO - Sent data to Kafka topic 'test-topic' with offset 56.
2024-12-01 15:06:46,482 - ingestion - INFO - Stored 'content/test_file.txt' in MinIO.
2024-12-01 15:06:46,485 - ingestion - INFO - Sent data to Kafka topic 'test-topic' with offset 57.
2024-12-01 15:06:46,606 - ingestion - INFO - Stored 'content/test_file.txt' in MinIO.
2024-12-01 15:06:46,609 - ingestion - INFO - Sent data to Kafka topic 'test-topic' with offset 58.
2024-12-01 15:06:46,902 - ingestion - INFO - Stored 'content/test_file.txt' in MinIO.
2024-12-01 15:06:46,904 - ingestion - INFO - Sent data to Kafka topic 'test-topic' with offset 59.
2024-12-01 15:06:47,021 - ingestion - INFO - Stored 'content/test_file.txt' in MinIO.
2024-12-01 15:06:47,023 - ingestion - INFO - Sent data to Kafka topic 'test-topic' with offset 60.
2024-12-01 15:06:47,692 - ingestion - INFO - Stored 'content/test_file.txt' in MinIO.
2024-12-01 15:06:47,696 - ingestion - INFO - Sent data to Kafka topic 'test-topic' with offset 61.
2024-12-01 15:06:47,852 - ingestion - INFO - Stored 'content/test_file.txt' in MinIO.
2024-12-01 15:06:47,855 - ingestion - INFO - Sent data to Kafka topic 'test-topic' with offset 62.
2024-12-01 15:06:47,999 - ingestion - INFO - Stored 'content/test_file.txt' in MinIO.
2024-12-01 15:06:48,002 - ingestion - INFO - Sent data to Kafka topic 'test-topic' with offset 63.
2024-12-01 15:06:48,416 - ingestion - INFO - Stored 'content/test_file.txt' in MinIO.
2024-12-01 15:06:48,419 - ingestion - INFO - Sent data to Kafka topic 'test-topic' with offset 64.
2024-12-01 15:06:48,443 - ingestion - INFO - Stored 'content/test_file.txt' in MinIO.
2024-12-01 15:06:48,445 - ingestion - INFO - Sent data to Kafka topic 'test-topic' with offset 65.
2024-12-01 15:06:48,853 - ingestion - INFO - Stored 'content/test_file.txt' in MinIO.
2024-12-01 15:06:48,855 - ingestion - INFO - Sent data to Kafka topic 'test-topic' with offset 66.
2024-12-01 15:06:48,871 - ingestion - INFO - Stored 'content/test_file.txt' in MinIO.
2024-12-01 15:06:48,873 - ingestion - INFO - Sent data to Kafka topic 'test-topic' with offset 67.
2024-12-01 15:06:49,257 - ingestion - INFO - Stored 'content/test_file.txt' in MinIO.
2024-12-01 15:06:49,260 - ingestion - INFO - Sent data to Kafka topic 'test-topic' with offset 68.
2024-12-01 15:06:49,933 - ingestion - INFO - Stored 'content/test_file.txt' in MinIO.
2024-12-01 15:06:49,935 - ingestion - INFO - Sent data to Kafka topic 'test-topic' with offset 69.
2024-12-01 15:06:50,357 - ingestion - INFO - Stored 'content/test_file.txt' in MinIO.
2024-12-01 15:06:50,358 - ingestion - INFO - Sent data to Kafka topic 'test-topic' with offset 70.
2024-12-01 15:06:50,884 - ingestion - INFO - Stored 'content/test_file.txt' in MinIO.
2024-12-01 15:06:50,887 - ingestion - INFO - Sent data to Kafka topic 'test-topic' with offset 71.
2024-12-01 15:06:50,915 - ingestion - INFO - Stored 'content/test_file.txt' in MinIO.
2024-12-01 15:06:50,917 - ingestion - INFO - Sent data to Kafka topic 'test-topic' with offset 72.
2024-12-01 15:06:50,925 - ingestion - INFO - Stored 'content/test_file.txt' in MinIO.
2024-12-01 15:06:50,927 - ingestion - INFO - Sent data to Kafka topic 'test-topic' with offset 73.
2024-12-01 15:06:51,257 - ingestion - INFO - Stored 'content/test_file.txt' in MinIO.
2024-12-01 15:06:51,260 - ingestion - INFO - Sent data to Kafka topic 'test-topic' with offset 74.
2024-12-01 15:06:51,492 - ingestion - INFO - Stored 'content/test_file.txt' in MinIO.
2024-12-01 15:06:51,494 - ingestion - INFO - Sent data to Kafka topic 'test-topic' with offset 75.
2024-12-01 15:06:51,601 - ingestion - INFO - Stored 'content/test_file.txt' in MinIO.
2024-12-01 15:06:51,604 - ingestion - INFO - Sent data to Kafka topic 'test-topic' with offset 76.
2024-12-01 15:06:52,083 - ingestion - INFO - Stored 'content/test_file.txt' in MinIO.
2024-12-01 15:06:52,085 - ingestion - INFO - Sent data to Kafka topic 'test-topic' with offset 77.
2024-12-01 15:06:52,183 - ingestion - INFO - Stored 'content/test_file.txt' in MinIO.
2024-12-01 15:06:52,186 - ingestion - INFO - Sent data to Kafka topic 'test-topic' with offset 78.
2024-12-01 15:06:52,347 - ingestion - INFO - Stored 'content/test_file.txt' in MinIO.
2024-12-01 15:06:52,349 - ingestion - INFO - Sent data to Kafka topic 'test-topic' with offset 79.
2024-12-01 15:06:52,503 - ingestion - INFO - Stored 'content/test_file.txt' in MinIO.
2024-12-01 15:06:52,505 - ingestion - INFO - Sent data to Kafka topic 'test-topic' with offset 80.
2024-12-01 15:06:53,002 - ingestion - INFO - Stored 'content/test_file.txt' in MinIO.
2024-12-01 15:06:53,004 - ingestion - INFO - Sent data to Kafka topic 'test-topic' with offset 81.
2024-12-01 15:06:53,338 - ingestion - INFO - Stored 'content/test_file.txt' in MinIO.
2024-12-01 15:06:53,340 - ingestion - INFO - Sent data to Kafka topic 'test-topic' with offset 82.
2024-12-01 15:06:53,367 - ingestion - INFO - Stored 'content/test_file.txt' in MinIO.
2024-12-01 15:06:53,370 - ingestion - INFO - Sent data to Kafka topic 'test-topic' with offset 83.
2024-12-01 15:06:53,716 - ingestion - INFO - Stored 'content/test_file.txt' in MinIO.
2024-12-01 15:06:53,718 - ingestion - INFO - Sent data to Kafka topic 'test-topic' with offset 84.
2024-12-01 15:06:54,336 - ingestion - INFO - Stored 'content/test_file.txt' in MinIO.
2024-12-01 15:06:54,339 - ingestion - INFO - Sent data to Kafka topic 'test-topic' with offset 85.
2024-12-01 15:06:54,484 - ingestion - INFO - Stored 'content/test_file.txt' in MinIO.
2024-12-01 15:06:54,487 - ingestion - INFO - Sent data to Kafka topic 'test-topic' with offset 86.
2024-12-01 15:06:54,632 - ingestion - INFO - Stored 'content/test_file.txt' in MinIO.
2024-12-01 15:06:54,634 - ingestion - INFO - Sent data to Kafka topic 'test-topic' with offset 87.
2024-12-01 15:06:54,679 - ingestion - INFO - Stored 'content/test_file.txt' in MinIO.
2024-12-01 15:06:54,681 - ingestion - INFO - Sent data to Kafka topic 'test-topic' with offset 88.
2024-12-01 15:06:54,775 - ingestion - INFO - Stored 'content/test_file.txt' in MinIO.
2024-12-01 15:06:54,777 - ingestion - INFO - Sent data to Kafka topic 'test-topic' with offset 89.
2024-12-01 15:06:55,345 - ingestion - INFO - Stored 'content/test_file.txt' in MinIO.
2024-12-01 15:06:55,347 - ingestion - INFO - Sent data to Kafka topic 'test-topic' with offset 90.
2024-12-01 15:06:55,926 - ingestion - INFO - Stored 'content/test_file.txt' in MinIO.
2024-12-01 15:06:55,928 - ingestion - INFO - Sent data to Kafka topic 'test-topic' with offset 91.
2024-12-01 15:06:56,093 - ingestion - INFO - Stored 'content/test_file.txt' in MinIO.
2024-12-01 15:06:56,094 - ingestion - INFO - Sent data to Kafka topic 'test-topic' with offset 92.
2024-12-01 15:06:56,832 - ingestion - INFO - Stored 'content/test_file.txt' in MinIO.
2024-12-01 15:06:56,834 - ingestion - INFO - Sent data to Kafka topic 'test-topic' with offset 93.
2024-12-01 15:06:57,034 - ingestion - INFO - Stored 'content/test_file.txt' in MinIO.
2024-12-01 15:06:57,036 - ingestion - INFO - Sent data to Kafka topic 'test-topic' with offset 94.
2024-12-01 15:06:57,374 - ingestion - INFO - Stored 'content/test_file.txt' in MinIO.
2024-12-01 15:06:57,376 - ingestion - INFO - Sent data to Kafka topic 'test-topic' with offset 95.
2024-12-01 15:06:57,511 - ingestion - INFO - Stored 'content/test_file.txt' in MinIO.
2024-12-01 15:06:57,513 - ingestion - INFO - Sent data to Kafka topic 'test-topic' with offset 96.
2024-12-01 15:06:57,583 - ingestion - INFO - Stored 'content/test_file.txt' in MinIO.
2024-12-01 15:06:57,587 - ingestion - INFO - Sent data to Kafka topic 'test-topic' with offset 97.
2024-12-01 15:06:58,118 - ingestion - INFO - Stored 'content/test_file.txt' in MinIO.
2024-12-01 15:06:58,121 - ingestion - INFO - Sent data to Kafka topic 'test-topic' with offset 98.
2024-12-01 15:06:58,603 - ingestion - INFO - Stored 'content/test_file.txt' in MinIO.
2024-12-01 15:06:58,606 - ingestion - INFO - Sent data to Kafka topic 'test-topic' with offset 99.
2024-12-01 15:06:59,042 - ingestion - INFO - Stored 'content/test_file.txt' in MinIO.
2024-12-01 15:06:59,044 - ingestion - INFO - Sent data to Kafka topic 'test-topic' with offset 100.
2024-12-01 15:06:59,119 - ingestion - INFO - Stored 'content/test_file.txt' in MinIO.
2024-12-01 15:06:59,121 - ingestion - INFO - Sent data to Kafka topic 'test-topic' with offset 101.
2024-12-01 15:06:59,516 - ingestion - INFO - Stored 'content/test_file.txt' in MinIO.
2024-12-01 15:06:59,520 - ingestion - INFO - Sent data to Kafka topic 'test-topic' with offset 102.
2024-12-01 15:06:59,536 - ingestion - INFO - Stored 'content/test_file.txt' in MinIO.
2024-12-01 15:06:59,539 - ingestion - INFO - Sent data to Kafka topic 'test-topic' with offset 103.
2024-12-01 15:06:59,563 - ingestion - INFO - Stored 'content/test_file.txt' in MinIO.
2024-12-01 15:06:59,565 - ingestion - INFO - Sent data to Kafka topic 'test-topic' with offset 104.
2024-12-01 15:06:59,719 - ingestion - INFO - Stored 'content/test_file.txt' in MinIO.
2024-12-01 15:06:59,721 - ingestion - INFO - Sent data to Kafka topic 'test-topic' with offset 105.
2024-12-01 15:07:00,290 - ingestion - INFO - Stored 'content/test_file.txt' in MinIO.
2024-12-01 15:07:00,292 - ingestion - INFO - Sent data to Kafka topic 'test-topic' with offset 106.
2024-12-01 15:07:00,303 - ingestion - INFO - Stored 'content/test_file.txt' in MinIO.
2024-12-01 15:07:00,305 - ingestion - INFO - Sent data to Kafka topic 'test-topic' with offset 107.
2024-12-01 15:07:00,412 - ingestion - INFO - Stored 'content/test_file.txt' in MinIO.
2024-12-01 15:07:00,414 - ingestion - INFO - Sent data to Kafka topic 'test-topic' with offset 108.
2024-12-01 15:07:00,900 - ingestion - INFO - Stored 'content/test_file.txt' in MinIO.
2024-12-01 15:07:00,902 - ingestion - INFO - Sent data to Kafka topic 'test-topic' with offset 109.
2024-12-01 15:07:01,850 - ingestion - INFO - Stored 'content/test_file.txt' in MinIO.
2024-12-01 15:07:01,852 - ingestion - INFO - Sent data to Kafka topic 'test-topic' with offset 110.
2024-12-01 15:07:02,084 - ingestion - INFO - Stored 'content/test_file.txt' in MinIO.
2024-12-01 15:07:02,087 - ingestion - INFO - Sent data to Kafka topic 'test-topic' with offset 111.
2024-12-01 15:07:02,372 - ingestion - INFO - Stored 'content/test_file.txt' in MinIO.
2024-12-01 15:07:02,375 - ingestion - INFO - Sent data to Kafka topic 'test-topic' with offset 112.
2024-12-01 15:07:02,679 - ingestion - INFO - Stored 'content/test_file.txt' in MinIO.
2024-12-01 15:07:02,682 - ingestion - INFO - Sent data to Kafka topic 'test-topic' with offset 113.
2024-12-01 15:07:03,005 - ingestion - INFO - Stored 'content/test_file.txt' in MinIO.
2024-12-01 15:07:03,007 - ingestion - INFO - Sent data to Kafka topic 'test-topic' with offset 114.
2024-12-01 15:07:03,247 - ingestion - INFO - Stored 'content/test_file.txt' in MinIO.
2024-12-01 15:07:03,249 - ingestion - INFO - Sent data to Kafka topic 'test-topic' with offset 115.
2024-12-01 15:07:03,286 - ingestion - INFO - Stored 'content/test_file.txt' in MinIO.
2024-12-01 15:07:03,289 - ingestion - INFO - Sent data to Kafka topic 'test-topic' with offset 116.
2024-12-01 15:07:03,484 - ingestion - INFO - Stored 'content/test_file.txt' in MinIO.
2024-12-01 15:07:03,486 - ingestion - INFO - Sent data to Kafka topic 'test-topic' with offset 117.
2024-12-01 15:07:04,046 - ingestion - INFO - Stored 'content/test_file.txt' in MinIO.
2024-12-01 15:07:04,048 - ingestion - INFO - Sent data to Kafka topic 'test-topic' with offset 118.
2024-12-01 15:07:04,080 - ingestion - INFO - Stored 'content/test_file.txt' in MinIO.
2024-12-01 15:07:04,082 - ingestion - INFO - Sent data to Kafka topic 'test-topic' with offset 119.
2024-12-01 15:07:04,638 - ingestion - INFO - Stored 'content/test_file.txt' in MinIO.
2024-12-01 15:07:04,641 - ingestion - INFO - Sent data to Kafka topic 'test-topic' with offset 120.
2024-12-01 15:07:04,759 - ingestion - INFO - Stored 'content/test_file.txt' in MinIO.
2024-12-01 15:07:04,761 - ingestion - INFO - Sent data to Kafka topic 'test-topic' with offset 121.
2024-12-01 15:07:04,787 - ingestion - INFO - Stored 'content/test_file.txt' in MinIO.
2024-12-01 15:07:04,789 - ingestion - INFO - Sent data to Kafka topic 'test-topic' with offset 122.
2024-12-01 15:07:04,837 - ingestion - INFO - Stored 'content/test_file.txt' in MinIO.
2024-12-01 15:07:04,840 - ingestion - INFO - Sent data to Kafka topic 'test-topic' with offset 123.
2024-12-01 15:07:04,924 - ingestion - INFO - Stored 'content/test_file.txt' in MinIO.
2024-12-01 15:07:04,927 - ingestion - INFO - Sent data to Kafka topic 'test-topic' with offset 124.
2024-12-01 15:07:05,845 - ingestion - INFO - Stored 'content/test_file.txt' in MinIO.
2024-12-01 15:07:05,848 - ingestion - INFO - Sent data to Kafka topic 'test-topic' with offset 125.
2024-12-01 15:07:06,531 - ingestion - INFO - Stored 'content/test_file.txt' in MinIO.
2024-12-01 15:07:06,532 - ingestion - INFO - Sent data to Kafka topic 'test-topic' with offset 126.
2024-12-01 15:07:06,688 - ingestion - INFO - Stored 'content/test_file.txt' in MinIO.
2024-12-01 15:07:06,689 - ingestion - INFO - Sent data to Kafka topic 'test-topic' with offset 127.
2024-12-01 15:07:07,526 - ingestion - INFO - Stored 'content/test_file.txt' in MinIO.
2024-12-01 15:07:07,528 - ingestion - INFO - Sent data to Kafka topic 'test-topic' with offset 128.
2024-12-01 15:07:08,071 - ingestion - INFO - Stored 'content/test_file.txt' in MinIO.
2024-12-01 15:07:08,073 - ingestion - INFO - Sent data to Kafka topic 'test-topic' with offset 129.
2024-12-01 15:07:08,122 - ingestion - INFO - Stored 'content/test_file.txt' in MinIO.
2024-12-01 15:07:08,124 - ingestion - INFO - Sent data to Kafka topic 'test-topic' with offset 130.
2024-12-01 15:07:08,256 - ingestion - INFO - Stored 'content/test_file.txt' in MinIO.
2024-12-01 15:07:08,258 - ingestion - INFO - Sent data to Kafka topic 'test-topic' with offset 131.
2024-12-01 15:07:08,407 - ingestion - INFO - Stored 'content/test_file.txt' in MinIO.
2024-12-01 15:07:08,409 - ingestion - INFO - Sent data to Kafka topic 'test-topic' with offset 132.
2024-12-01 15:07:08,418 - ingestion - INFO - Stored 'content/test_file.txt' in MinIO.
2024-12-01 15:07:08,420 - ingestion - INFO - Sent data to Kafka topic 'test-topic' with offset 133.
2024-12-01 15:07:08,608 - ingestion - INFO - Stored 'content/test_file.txt' in MinIO.
2024-12-01 15:07:08,611 - ingestion - INFO - Sent data to Kafka topic 'test-topic' with offset 134.
2024-12-01 15:07:09,073 - ingestion - INFO - Stored 'content/test_file.txt' in MinIO.
2024-12-01 15:07:09,076 - ingestion - INFO - Sent data to Kafka topic 'test-topic' with offset 135.
2024-12-01 15:07:09,456 - ingestion - INFO - Stored 'content/test_file.txt' in MinIO.
2024-12-01 15:07:09,458 - ingestion - INFO - Sent data to Kafka topic 'test-topic' with offset 136.
2024-12-01 15:07:09,616 - ingestion - INFO - Stored 'content/test_file.txt' in MinIO.
2024-12-01 15:07:09,618 - ingestion - INFO - Sent data to Kafka topic 'test-topic' with offset 137.
2024-12-01 15:07:09,977 - ingestion - INFO - Stored 'content/test_file.txt' in MinIO.
2024-12-01 15:07:09,979 - ingestion - INFO - Sent data to Kafka topic 'test-topic' with offset 138.
2024-12-01 15:07:10,233 - ingestion - INFO - Stored 'content/test_file.txt' in MinIO.
2024-12-01 15:07:10,235 - ingestion - INFO - Sent data to Kafka topic 'test-topic' with offset 139.
2024-12-01 15:07:10,501 - ingestion - INFO - Stored 'content/test_file.txt' in MinIO.
2024-12-01 15:07:10,502 - ingestion - INFO - Sent data to Kafka topic 'test-topic' with offset 140.
2024-12-01 15:07:10,870 - ingestion - INFO - Stored 'content/test_file.txt' in MinIO.
2024-12-01 15:07:10,871 - ingestion - INFO - Sent data to Kafka topic 'test-topic' with offset 141.
2024-12-01 15:07:12,105 - ingestion - INFO - Stored 'content/test_file.txt' in MinIO.
2024-12-01 15:07:12,108 - ingestion - INFO - Sent data to Kafka topic 'test-topic' with offset 142.
2024-12-01 15:07:12,394 - ingestion - INFO - Stored 'content/test_file.txt' in MinIO.
2024-12-01 15:07:12,396 - ingestion - INFO - Sent data to Kafka topic 'test-topic' with offset 143.
2024-12-01 15:07:12,425 - ingestion - INFO - Stored 'content/test_file.txt' in MinIO.
2024-12-01 15:07:12,426 - ingestion - INFO - Sent data to Kafka topic 'test-topic' with offset 144.
2024-12-01 15:07:13,309 - ingestion - INFO - Stored 'content/test_file.txt' in MinIO.
2024-12-01 15:07:13,311 - ingestion - INFO - Sent data to Kafka topic 'test-topic' with offset 145.
2024-12-01 15:07:13,415 - ingestion - INFO - Stored 'content/test_file.txt' in MinIO.
2024-12-01 15:07:13,417 - ingestion - INFO - Sent data to Kafka topic 'test-topic' with offset 146.
2024-12-01 15:07:13,589 - ingestion - INFO - Stored 'content/test_file.txt' in MinIO.
2024-12-01 15:07:13,591 - ingestion - INFO - Sent data to Kafka topic 'test-topic' with offset 147.
2024-12-01 15:07:13,629 - ingestion - INFO - Stored 'content/test_file.txt' in MinIO.
2024-12-01 15:07:13,631 - ingestion - INFO - Sent data to Kafka topic 'test-topic' with offset 148.
2024-12-01 15:07:13,747 - ingestion - INFO - Stored 'content/test_file.txt' in MinIO.
2024-12-01 15:07:13,749 - ingestion - INFO - Sent data to Kafka topic 'test-topic' with offset 149.
2024-12-01 15:07:14,160 - ingestion - INFO - Stored 'content/test_file.txt' in MinIO.
2024-12-01 15:07:14,163 - ingestion - INFO - Sent data to Kafka topic 'test-topic' with offset 150.
2024-12-01 15:07:14,283 - ingestion - INFO - Stored 'content/test_file.txt' in MinIO.
2024-12-01 15:07:14,286 - ingestion - INFO - Sent data to Kafka topic 'test-topic' with offset 151.
2024-12-01 15:07:14,538 - ingestion - INFO - Stored 'content/test_file.txt' in MinIO.
2024-12-01 15:07:14,541 - ingestion - INFO - Sent data to Kafka topic 'test-topic' with offset 152.
2024-12-01 15:07:16,460 - ingestion - INFO - Stored 'content/test_file.txt' in MinIO.
2024-12-01 15:07:16,462 - ingestion - INFO - Sent data to Kafka topic 'test-topic' with offset 153.
2024-12-01 15:07:16,748 - ingestion - INFO - Stored 'content/test_file.txt' in MinIO.
2024-12-01 15:07:16,751 - ingestion - INFO - Sent data to Kafka topic 'test-topic' with offset 154.
2024-12-01 15:07:17,486 - ingestion - INFO - Stored 'content/test_file.txt' in MinIO.
2024-12-01 15:07:17,487 - ingestion - INFO - Sent data to Kafka topic 'test-topic' with offset 155.
2024-12-01 15:07:17,740 - ingestion - INFO - Stored 'content/test_file.txt' in MinIO.
2024-12-01 15:07:17,742 - ingestion - INFO - Sent data to Kafka topic 'test-topic' with offset 156.
2024-12-01 15:07:18,011 - ingestion - INFO - Stored 'content/test_file.txt' in MinIO.
2024-12-01 15:07:18,013 - ingestion - INFO - Sent data to Kafka topic 'test-topic' with offset 157.
2024-12-01 15:07:18,132 - ingestion - INFO - Stored 'content/test_file.txt' in MinIO.
2024-12-01 15:07:18,134 - ingestion - INFO - Sent data to Kafka topic 'test-topic' with offset 158.
2024-12-01 15:07:18,191 - ingestion - INFO - Stored 'content/test_file.txt' in MinIO.
2024-12-01 15:07:18,193 - ingestion - INFO - Sent data to Kafka topic 'test-topic' with offset 159.
2024-12-01 15:07:18,202 - ingestion - INFO - Stored 'content/test_file.txt' in MinIO.
2024-12-01 15:07:18,204 - ingestion - INFO - Sent data to Kafka topic 'test-topic' with offset 160.
2024-12-01 15:07:18,862 - ingestion - INFO - Stored 'content/test_file.txt' in MinIO.
2024-12-01 15:07:18,865 - ingestion - INFO - Sent data to Kafka topic 'test-topic' with offset 161.
2024-12-01 15:07:19,507 - ingestion - INFO - Stored 'content/test_file.txt' in MinIO.
2024-12-01 15:07:19,509 - ingestion - INFO - Sent data to Kafka topic 'test-topic' with offset 162.
2024-12-01 15:07:19,533 - ingestion - INFO - Stored 'content/test_file.txt' in MinIO.
2024-12-01 15:07:19,534 - ingestion - INFO - Sent data to Kafka topic 'test-topic' with offset 163.
2024-12-01 15:07:19,693 - ingestion - INFO - Stored 'content/test_file.txt' in MinIO.
2024-12-01 15:07:19,695 - ingestion - INFO - Sent data to Kafka topic 'test-topic' with offset 164.
2024-12-01 15:07:19,786 - ingestion - INFO - Stored 'content/test_file.txt' in MinIO.
2024-12-01 15:07:19,788 - ingestion - INFO - Sent data to Kafka topic 'test-topic' with offset 165.
2024-12-01 15:07:20,268 - ingestion - INFO - Stored 'content/test_file.txt' in MinIO.
2024-12-01 15:07:20,270 - ingestion - INFO - Sent data to Kafka topic 'test-topic' with offset 166.
2024-12-01 15:07:20,632 - ingestion - INFO - Stored 'content/test_file.txt' in MinIO.
2024-12-01 15:07:20,634 - ingestion - INFO - Sent data to Kafka topic 'test-topic' with offset 167.
2024-12-01 15:07:20,838 - ingestion - INFO - Stored 'content/test_file.txt' in MinIO.
2024-12-01 15:07:20,840 - ingestion - INFO - Sent data to Kafka topic 'test-topic' with offset 168.
2024-12-01 15:07:21,052 - ingestion - INFO - Stored 'content/test_file.txt' in MinIO.
2024-12-01 15:07:21,054 - ingestion - INFO - Sent data to Kafka topic 'test-topic' with offset 169.
2024-12-01 15:07:21,331 - ingestion - INFO - Stored 'content/test_file.txt' in MinIO.
2024-12-01 15:07:21,334 - ingestion - INFO - Sent data to Kafka topic 'test-topic' with offset 170.
2024-12-01 15:07:21,534 - ingestion - INFO - Stored 'content/test_file.txt' in MinIO.
2024-12-01 15:07:21,536 - ingestion - INFO - Sent data to Kafka topic 'test-topic' with offset 171.
2024-12-01 15:07:21,940 - ingestion - INFO - Stored 'content/test_file.txt' in MinIO.
2024-12-01 15:07:21,942 - ingestion - INFO - Sent data to Kafka topic 'test-topic' with offset 172.
2024-12-01 15:07:22,099 - ingestion - INFO - Stored 'content/test_file.txt' in MinIO.
2024-12-01 15:07:22,102 - ingestion - INFO - Sent data to Kafka topic 'test-topic' with offset 173.
2024-12-01 15:07:22,426 - ingestion - INFO - Stored 'content/test_file.txt' in MinIO.
2024-12-01 15:07:22,427 - ingestion - INFO - Sent data to Kafka topic 'test-topic' with offset 174.
2024-12-01 15:07:22,869 - ingestion - INFO - Stored 'content/test_file.txt' in MinIO.
2024-12-01 15:07:22,871 - ingestion - INFO - Sent data to Kafka topic 'test-topic' with offset 175.
2024-12-01 15:07:23,908 - ingestion - INFO - Stored 'content/test_file.txt' in MinIO.
2024-12-01 15:07:23,910 - ingestion - INFO - Sent data to Kafka topic 'test-topic' with offset 176.
2024-12-01 15:07:23,971 - ingestion - INFO - Stored 'content/test_file.txt' in MinIO.
2024-12-01 15:07:23,974 - ingestion - INFO - Sent data to Kafka topic 'test-topic' with offset 177.
2024-12-01 15:07:24,123 - ingestion - INFO - Stored 'content/test_file.txt' in MinIO.
2024-12-01 15:07:24,126 - ingestion - INFO - Sent data to Kafka topic 'test-topic' with offset 178.
2024-12-01 15:07:24,218 - ingestion - INFO - Stored 'content/test_file.txt' in MinIO.
2024-12-01 15:07:24,219 - ingestion - INFO - Sent data to Kafka topic 'test-topic' with offset 179.
2024-12-01 15:07:24,258 - ingestion - INFO - Stored 'content/test_file.txt' in MinIO.
2024-12-01 15:07:24,260 - ingestion - INFO - Sent data to Kafka topic 'test-topic' with offset 180.
2024-12-01 15:07:24,495 - ingestion - INFO - Stored 'content/test_file.txt' in MinIO.
2024-12-01 15:07:24,497 - ingestion - INFO - Sent data to Kafka topic 'test-topic' with offset 181.
2024-12-01 15:07:24,671 - ingestion - INFO - Stored 'content/test_file.txt' in MinIO.
2024-12-01 15:07:24,673 - ingestion - INFO - Sent data to Kafka topic 'test-topic' with offset 182.
2024-12-01 15:07:24,790 - ingestion - INFO - Stored 'content/test_file.txt' in MinIO.
2024-12-01 15:07:24,792 - ingestion - INFO - Sent data to Kafka topic 'test-topic' with offset 183.
2024-12-01 15:07:25,543 - ingestion - INFO - Stored 'content/test_file.txt' in MinIO.
2024-12-01 15:07:25,544 - ingestion - INFO - Sent data to Kafka topic 'test-topic' with offset 184.
2024-12-01 15:07:26,288 - ingestion - INFO - Stored 'content/test_file.txt' in MinIO.
2024-12-01 15:07:26,290 - ingestion - INFO - Sent data to Kafka topic 'test-topic' with offset 185.
2024-12-01 15:07:26,434 - ingestion - INFO - Stored 'content/test_file.txt' in MinIO.
2024-12-01 15:07:26,437 - ingestion - INFO - Sent data to Kafka topic 'test-topic' with offset 186.
2024-12-01 15:07:26,485 - ingestion - INFO - Stored 'content/test_file.txt' in MinIO.
2024-12-01 15:07:26,487 - ingestion - INFO - Sent data to Kafka topic 'test-topic' with offset 187.
2024-12-01 15:07:26,825 - ingestion - INFO - Stored 'content/test_file.txt' in MinIO.
2024-12-01 15:07:26,827 - ingestion - INFO - Sent data to Kafka topic 'test-topic' with offset 188.
2024-12-01 15:07:26,946 - ingestion - INFO - Stored 'content/test_file.txt' in MinIO.
2024-12-01 15:07:26,948 - ingestion - INFO - Sent data to Kafka topic 'test-topic' with offset 189.
2024-12-01 15:07:26,984 - ingestion - INFO - Stored 'content/test_file.txt' in MinIO.
2024-12-01 15:07:26,986 - ingestion - INFO - Sent data to Kafka topic 'test-topic' with offset 190.
2024-12-01 15:07:27,359 - ingestion - INFO - Stored 'content/test_file.txt' in MinIO.
2024-12-01 15:07:27,361 - ingestion - INFO - Sent data to Kafka topic 'test-topic' with offset 191.
2024-12-01 15:07:27,411 - ingestion - INFO - Stored 'content/test_file.txt' in MinIO.
2024-12-01 15:07:27,414 - ingestion - INFO - Sent data to Kafka topic 'test-topic' with offset 192.
2024-12-01 15:07:27,422 - ingestion - INFO - Stored 'content/test_file.txt' in MinIO.
2024-12-01 15:07:27,424 - ingestion - INFO - Sent data to Kafka topic 'test-topic' with offset 193.
2024-12-01 15:07:28,628 - ingestion - INFO - Stored 'content/test_file.txt' in MinIO.
2024-12-01 15:07:28,630 - ingestion - INFO - Sent data to Kafka topic 'test-topic' with offset 194.
2024-12-01 15:07:28,791 - ingestion - INFO - Stored 'content/test_file.txt' in MinIO.
2024-12-01 15:07:28,793 - ingestion - INFO - Sent data to Kafka topic 'test-topic' with offset 195.
2024-12-01 15:07:29,373 - ingestion - INFO - Stored 'content/test_file.txt' in MinIO.
2024-12-01 15:07:29,376 - ingestion - INFO - Sent data to Kafka topic 'test-topic' with offset 196.
2024-12-01 15:07:29,465 - ingestion - INFO - Stored 'content/test_file.txt' in MinIO.
2024-12-01 15:07:29,467 - ingestion - INFO - Sent data to Kafka topic 'test-topic' with offset 197.
2024-12-01 15:07:30,082 - ingestion - INFO - Stored 'content/test_file.txt' in MinIO.
2024-12-01 15:07:30,084 - ingestion - INFO - Sent data to Kafka topic 'test-topic' with offset 198.
2024-12-01 15:07:30,170 - ingestion - INFO - Stored 'content/test_file.txt' in MinIO.
2024-12-01 15:07:30,172 - ingestion - INFO - Sent data to Kafka topic 'test-topic' with offset 199.
2024-12-01 15:07:30,604 - ingestion - INFO - Stored 'content/test_file.txt' in MinIO.
2024-12-01 15:07:30,606 - ingestion - INFO - Sent data to Kafka topic 'test-topic' with offset 200.
2024-12-01 15:07:33,658 - ingestion - INFO - Stored 'content/test_file.txt' in MinIO.
2024-12-01 15:07:33,660 - ingestion - INFO - Sent data to Kafka topic 'test-topic' with offset 201.
2024-12-01 15:07:33,889 - ingestion - INFO - Stored 'content/test_file.txt' in MinIO.
2024-12-01 15:07:33,891 - ingestion - INFO - Sent data to Kafka topic 'test-topic' with offset 202.
2024-12-01 15:07:34,068 - ingestion - INFO - Stored 'content/test_file.txt' in MinIO.
2024-12-01 15:07:34,070 - ingestion - INFO - Sent data to Kafka topic 'test-topic' with offset 203.
2024-12-01 15:07:34,173 - ingestion - INFO - Stored 'content/test_file.txt' in MinIO.
2024-12-01 15:07:34,175 - ingestion - INFO - Sent data to Kafka topic 'test-topic' with offset 204.
2024-12-01 15:07:34,776 - ingestion - INFO - Stored 'content/test_file.txt' in MinIO.
2024-12-01 15:07:34,778 - ingestion - INFO - Sent data to Kafka topic 'test-topic' with offset 205.
2024-12-01 15:07:35,389 - ingestion - INFO - Stored 'content/test_file.txt' in MinIO.
2024-12-01 15:07:35,391 - ingestion - INFO - Sent data to Kafka topic 'test-topic' with offset 206.
2024-12-01 15:07:35,547 - ingestion - INFO - Stored 'content/test_file.txt' in MinIO.
2024-12-01 15:07:35,549 - ingestion - INFO - Sent data to Kafka topic 'test-topic' with offset 207.
2024-12-01 15:07:35,624 - ingestion - INFO - Stored 'content/test_file.txt' in MinIO.
2024-12-01 15:07:35,626 - ingestion - INFO - Sent data to Kafka topic 'test-topic' with offset 208.
2024-12-01 15:07:35,986 - ingestion - INFO - Stored 'content/test_file.txt' in MinIO.
2024-12-01 15:07:35,990 - ingestion - INFO - Sent data to Kafka topic 'test-topic' with offset 209.
2024-12-01 15:07:36,253 - ingestion - INFO - Stored 'content/test_file.txt' in MinIO.
2024-12-01 15:07:36,254 - ingestion - INFO - Sent data to Kafka topic 'test-topic' with offset 210.
2024-12-01 15:07:36,322 - ingestion - INFO - Stored 'content/test_file.txt' in MinIO.
2024-12-01 15:07:36,324 - ingestion - INFO - Sent data to Kafka topic 'test-topic' with offset 211.
2024-12-01 15:07:36,563 - ingestion - INFO - Stored 'content/test_file.txt' in MinIO.
2024-12-01 15:07:36,564 - ingestion - INFO - Sent data to Kafka topic 'test-topic' with offset 212.
2024-12-01 15:07:37,060 - ingestion - INFO - Stored 'content/test_file.txt' in MinIO.
2024-12-01 15:07:37,061 - ingestion - INFO - Sent data to Kafka topic 'test-topic' with offset 213.
2024-12-01 15:07:37,071 - ingestion - INFO - Stored 'content/test_file.txt' in MinIO.
2024-12-01 15:07:37,074 - ingestion - INFO - Sent data to Kafka topic 'test-topic' with offset 214.
2024-12-01 15:07:37,368 - ingestion - INFO - Stored 'content/test_file.txt' in MinIO.
2024-12-01 15:07:37,371 - ingestion - INFO - Sent data to Kafka topic 'test-topic' with offset 215.
2024-12-01 15:07:37,427 - ingestion - INFO - Stored 'content/test_file.txt' in MinIO.
2024-12-01 15:07:37,429 - ingestion - INFO - Sent data to Kafka topic 'test-topic' with offset 216.
2024-12-01 15:07:38,223 - ingestion - INFO - Stored 'content/test_file.txt' in MinIO.
2024-12-01 15:07:38,225 - ingestion - INFO - Sent data to Kafka topic 'test-topic' with offset 217.
2024-12-01 15:07:38,461 - ingestion - INFO - Stored 'content/test_file.txt' in MinIO.
2024-12-01 15:07:38,463 - ingestion - INFO - Sent data to Kafka topic 'test-topic' with offset 218.
2024-12-01 15:07:39,044 - ingestion - INFO - Stored 'content/test_file.txt' in MinIO.
2024-12-01 15:07:39,046 - ingestion - INFO - Sent data to Kafka topic 'test-topic' with offset 219.
2024-12-01 15:07:39,546 - ingestion - INFO - Stored 'content/test_file.txt' in MinIO.
2024-12-01 15:07:39,548 - ingestion - INFO - Sent data to Kafka topic 'test-topic' with offset 220.
2024-12-01 15:07:39,796 - ingestion - INFO - Stored 'content/test_file.txt' in MinIO.
2024-12-01 15:07:39,798 - ingestion - INFO - Sent data to Kafka topic 'test-topic' with offset 221.
2024-12-01 15:07:39,808 - ingestion - INFO - Stored 'content/test_file.txt' in MinIO.
2024-12-01 15:07:39,811 - ingestion - INFO - Sent data to Kafka topic 'test-topic' with offset 222.
2024-12-01 15:07:40,303 - ingestion - INFO - Stored 'content/test_file.txt' in MinIO.
2024-12-01 15:07:40,305 - ingestion - INFO - Sent data to Kafka topic 'test-topic' with offset 223.
2024-12-01 15:07:40,772 - ingestion - INFO - Stored 'content/test_file.txt' in MinIO.
2024-12-01 15:07:40,775 - ingestion - INFO - Sent data to Kafka topic 'test-topic' with offset 224.
2024-12-01 15:07:41,190 - ingestion - INFO - Stored 'content/test_file.txt' in MinIO.
2024-12-01 15:07:41,192 - ingestion - INFO - Sent data to Kafka topic 'test-topic' with offset 225.
2024-12-01 15:07:41,410 - ingestion - INFO - Stored 'content/test_file.txt' in MinIO.
2024-12-01 15:07:41,411 - ingestion - INFO - Sent data to Kafka topic 'test-topic' with offset 226.
2024-12-01 15:07:41,869 - ingestion - INFO - Stored 'content/test_file.txt' in MinIO.
2024-12-01 15:07:41,871 - ingestion - INFO - Sent data to Kafka topic 'test-topic' with offset 227.
2024-12-01 15:07:42,620 - ingestion - INFO - Stored 'content/test_file.txt' in MinIO.
2024-12-01 15:07:42,621 - ingestion - INFO - Sent data to Kafka topic 'test-topic' with offset 228.
2024-12-01 15:07:42,658 - ingestion - INFO - Stored 'content/test_file.txt' in MinIO.
2024-12-01 15:07:42,660 - ingestion - INFO - Sent data to Kafka topic 'test-topic' with offset 229.
2024-12-01 15:07:43,198 - ingestion - INFO - Stored 'content/test_file.txt' in MinIO.
2024-12-01 15:07:43,199 - ingestion - INFO - Sent data to Kafka topic 'test-topic' with offset 230.
2024-12-01 15:07:43,224 - ingestion - INFO - Stored 'content/test_file.txt' in MinIO.
2024-12-01 15:07:43,225 - ingestion - INFO - Sent data to Kafka topic 'test-topic' with offset 231.
2024-12-01 15:07:43,680 - ingestion - INFO - Stored 'content/test_file.txt' in MinIO.
2024-12-01 15:07:43,683 - ingestion - INFO - Sent data to Kafka topic 'test-topic' with offset 232.
2024-12-01 15:07:44,028 - ingestion - INFO - Stored 'content/test_file.txt' in MinIO.
2024-12-01 15:07:44,030 - ingestion - INFO - Sent data to Kafka topic 'test-topic' with offset 233.
2024-12-01 15:07:44,136 - ingestion - INFO - Stored 'content/test_file.txt' in MinIO.
2024-12-01 15:07:44,138 - ingestion - INFO - Sent data to Kafka topic 'test-topic' with offset 234.
2024-12-01 15:07:44,262 - ingestion - INFO - Stored 'content/test_file.txt' in MinIO.
2024-12-01 15:07:44,264 - ingestion - INFO - Sent data to Kafka topic 'test-topic' with offset 235.
2024-12-01 15:07:45,305 - ingestion - INFO - Stored 'content/test_file.txt' in MinIO.
2024-12-01 15:07:45,307 - ingestion - INFO - Sent data to Kafka topic 'test-topic' with offset 236.
2024-12-01 15:07:45,541 - ingestion - INFO - Stored 'content/test_file.txt' in MinIO.
2024-12-01 15:07:45,542 - ingestion - INFO - Sent data to Kafka topic 'test-topic' with offset 237.
2024-12-01 15:07:45,569 - ingestion - INFO - Stored 'content/test_file.txt' in MinIO.
2024-12-01 15:07:45,571 - ingestion - INFO - Sent data to Kafka topic 'test-topic' with offset 238.
2024-12-01 15:07:45,989 - ingestion - INFO - Stored 'content/test_file.txt' in MinIO.
2024-12-01 15:07:45,990 - ingestion - INFO - Sent data to Kafka topic 'test-topic' with offset 239.
2024-12-01 15:07:46,285 - ingestion - INFO - Stored 'content/test_file.txt' in MinIO.
2024-12-01 15:07:46,287 - ingestion - INFO - Sent data to Kafka topic 'test-topic' with offset 240.
2024-12-01 15:07:46,349 - ingestion - INFO - Stored 'content/test_file.txt' in MinIO.
2024-12-01 15:07:46,352 - ingestion - INFO - Sent data to Kafka topic 'test-topic' with offset 241.
2024-12-01 15:07:47,324 - ingestion - INFO - Stored 'content/test_file.txt' in MinIO.
2024-12-01 15:07:47,325 - ingestion - INFO - Sent data to Kafka topic 'test-topic' with offset 242.
2024-12-01 15:07:47,590 - ingestion - INFO - Stored 'content/test_file.txt' in MinIO.
2024-12-01 15:07:47,591 - ingestion - INFO - Sent data to Kafka topic 'test-topic' with offset 243.
2024-12-01 15:07:47,661 - ingestion - INFO - Stored 'content/test_file.txt' in MinIO.
2024-12-01 15:07:47,664 - ingestion - INFO - Sent data to Kafka topic 'test-topic' with offset 244.
2024-12-01 15:07:47,683 - ingestion - INFO - Stored 'content/test_file.txt' in MinIO.
2024-12-01 15:07:47,685 - ingestion - INFO - Sent data to Kafka topic 'test-topic' with offset 245.
2024-12-01 15:07:47,695 - ingestion - INFO - Stored 'content/test_file.txt' in MinIO.
2024-12-01 15:07:47,697 - ingestion - INFO - Sent data to Kafka topic 'test-topic' with offset 246.
2024-12-01 15:07:49,616 - ingestion - INFO - Stored 'content/test_file.txt' in MinIO.
2024-12-01 15:07:49,618 - ingestion - INFO - Sent data to Kafka topic 'test-topic' with offset 247.
2024-12-01 15:07:50,068 - ingestion - INFO - Stored 'content/test_file.txt' in MinIO.
2024-12-01 15:07:50,069 - ingestion - INFO - Sent data to Kafka topic 'test-topic' with offset 248.
2024-12-01 15:07:50,248 - ingestion - INFO - Stored 'content/test_file.txt' in MinIO.
2024-12-01 15:07:50,250 - ingestion - INFO - Sent data to Kafka topic 'test-topic' with offset 249.
2024-12-01 15:07:50,617 - ingestion - INFO - Stored 'content/test_file.txt' in MinIO.
2024-12-01 15:07:50,619 - ingestion - INFO - Sent data to Kafka topic 'test-topic' with offset 250.
2024-12-01 15:07:50,823 - ingestion - INFO - Stored 'content/test_file.txt' in MinIO.
2024-12-01 15:07:50,824 - ingestion - INFO - Sent data to Kafka topic 'test-topic' with offset 251.
2024-12-01 15:07:51,177 - ingestion - INFO - Stored 'content/test_file.txt' in MinIO.
2024-12-01 15:07:51,179 - ingestion - INFO - Sent data to Kafka topic 'test-topic' with offset 252.
2024-12-01 15:07:51,203 - ingestion - INFO - Stored 'content/test_file.txt' in MinIO.
2024-12-01 15:07:51,204 - ingestion - INFO - Sent data to Kafka topic 'test-topic' with offset 253.
2024-12-01 15:07:51,214 - ingestion - INFO - Stored 'content/test_file.txt' in MinIO.
2024-12-01 15:07:51,215 - ingestion - INFO - Sent data to Kafka topic 'test-topic' with offset 254.
2024-12-01 15:07:51,326 - ingestion - INFO - Stored 'content/test_file.txt' in MinIO.
2024-12-01 15:07:51,328 - ingestion - INFO - Sent data to Kafka topic 'test-topic' with offset 255.
2024-12-01 15:07:51,610 - ingestion - INFO - Stored 'content/test_file.txt' in MinIO.
2024-12-01 15:07:51,611 - ingestion - INFO - Sent data to Kafka topic 'test-topic' with offset 256.
2024-12-01 15:07:51,647 - ingestion - INFO - Stored 'content/test_file.txt' in MinIO.
2024-12-01 15:07:51,649 - ingestion - INFO - Sent data to Kafka topic 'test-topic' with offset 257.
2024-12-01 15:08:03,862 - ingestion - INFO - Bucket 'mybucket' already exists.
2024-12-01 15:08:03,869 - ingestion - INFO - Connected to Kafka successfully.
2024-12-01 15:08:05,982 - ingestion - INFO - Stored 'content/test_file.txt' in MinIO.
2024-12-01 15:08:06,676 - ingestion - INFO - Sent data to Kafka topic 'test-topic' with offset 258.
2024-12-01 15:08:08,312 - ingestion - INFO - Stored 'content/test_file.txt' in MinIO.
2024-12-01 15:08:08,318 - ingestion - INFO - Sent data to Kafka topic 'test-topic' with offset 259.
2024-12-01 15:08:10,557 - ingestion - INFO - Stored 'content/test_file.txt' in MinIO.
2024-12-01 15:08:10,560 - ingestion - INFO - Sent data to Kafka topic 'test-topic' with offset 260.
2024-12-01 15:08:13,705 - ingestion - INFO - Stored 'content/test_file.txt' in MinIO.
2024-12-01 15:08:13,708 - ingestion - INFO - Sent data to Kafka topic 'test-topic' with offset 261.
2024-12-01 15:08:18,054 - ingestion - INFO - Stored 'content/test_file.txt' in MinIO.
2024-12-01 15:08:18,057 - ingestion - INFO - Sent data to Kafka topic 'test-topic' with offset 262.
2024-12-01 15:08:24,360 - ingestion - INFO - Stored 'content/test_file.txt' in MinIO.
2024-12-01 15:08:24,362 - ingestion - INFO - Sent data to Kafka topic 'test-topic' with offset 263.
2024-12-01 15:08:27,681 - ingestion - INFO - Stored 'content/test_file.txt' in MinIO.
2024-12-01 15:08:27,685 - ingestion - INFO - Sent data to Kafka topic 'test-topic' with offset 264.
2024-12-01 15:08:29,334 - ingestion - INFO - Stored 'content/test_file.txt' in MinIO.
2024-12-01 15:08:29,337 - ingestion - INFO - Sent data to Kafka topic 'test-topic' with offset 265.
